#
# A fatal error has been detected by the Java Runtime Environment:
#
#  EXCEPTION_ACCESS_VIOLATION (0xc0000005) at pc=0x00000000556fe013, pid=4304, tid=0x0000000000003a74
#
# JRE version: Java(TM) SE Runtime Environment (8.0_192-b12) (build 1.8.0_192-b12)
# Java VM: Java HotSpot(TM) 64-Bit Server VM (25.192-b12 mixed mode windows-amd64 compressed oops)
# Problematic frame:
# V  [jvm.dll+0xfe013]
#
# Failed to write core dump. Minidumps are not enabled by default on client versions of Windows
#
# If you would like to submit a bug report, please visit:
#   http://bugreport.java.com/bugreport/crash.jsp
#

---------------  T H R E A D  ---------------

Current thread (0x000000001818a000):  VMThread [stack: 0x0000000019e50000,0x0000000019f50000] [id=14964]

siginfo: ExceptionCode=0xc0000005, reading address 0xffffffffffffffff

Registers:
RAX=0x000000000000003e, RBX=0x0000000019f4f110, RCX=0x0000000019f4f110, RDX=0xffffffffffffcc7e
RSP=0x0000000019f4eec0, RBP=0x0000000019f4ef30, RSI=0x0000000019f4f110, RDI=0x0000000000000099
R8 =0x000000000000003e, R9 =0x00000000180154a0, R10=0x03ffffffffffff31, R11=0x0000000017ba0ef8
R12=0x0000000000000000, R13=0x00000000556fdff0, R14=0x0000000000000270, R15=0x0000000000000001
RIP=0x00000000556fe013, EFLAGS=0x0000000000010a03

Top of Stack: (sp=0x0000000019f4eec0)
0x0000000019f4eec0:   0000000019f4f110 0000000019f4ef30
0x0000000019f4eed0:   0000000000000270 00000000556b26ae
0x0000000019f4eee0:   0000000019f4f110 00000000556ffdf9
0x0000000019f4eef0:   00001b9ab65c0eca 0000000019f4f110
0x0000000019f4ef00:   0000000019f4f110 00000000556ff8d6
0x0000000019f4ef10:   0000000019f4ef80 0000000017ba0ea0
0x0000000019f4ef20:   0000000000000010 00000000556ff8d6
0x0000000019f4ef30:   00000000000003d8 00000000180157d8
0x0000000019f4ef40:   0000000000000000 0000000000000099
0x0000000019f4ef50:   000000001818a000 0000000055700884
0x0000000019f4ef60:   0000000019f4f110 0000000000000000
0x0000000019f4ef70:   0000000000000270 000000000000026d
0x0000000019f4ef80:   0000000017ba1028 000000001818a000
0x0000000019f4ef90:   0000027300000270 0000009900000299
0x0000000019f4efa0:   0000000000320000 0000000000000099
0x0000000019f4efb0:   0000000000000003 00000000000003d8 

Instructions: (pc=0x00000000556fe013)
0x00000000556fdff3:   83 ec 20 4c 8b 89 90 00 00 00 48 63 d2 48 8b d9
0x00000000556fe003:   0f b6 c2 4c 8b d2 24 3f 49 c1 ea 06 44 0f b6 c0
0x00000000556fe013:   4b 8b 04 d1 4c 0f a3 c0 72 0f 48 83 c1 70 41 b0
0x00000000556fe023:   01 e8 f7 89 17 00 ff 43 6c 48 83 c4 20 5b c3 cc 


Register to memory mapping:

RAX=0x000000000000003e is an unknown value
RBX=0x0000000019f4f110 is an unknown value
RCX=0x0000000019f4f110 is an unknown value
RDX=0xffffffffffffcc7e is an unknown value
RSP=0x0000000019f4eec0 is an unknown value
RBP=0x0000000019f4ef30 is an unknown value
RSI=0x0000000019f4f110 is an unknown value
RDI=0x0000000000000099 is an unknown value
R8 =0x000000000000003e is an unknown value
R9 =0x00000000180154a0 is an unknown value
R10=0x03ffffffffffff31 is an unknown value
R11=0x0000000017ba0ef8 is pointing into metadata
R12=0x0000000000000000 is an unknown value
R13=0x00000000556fdff0 is an unknown value
R14=0x0000000000000270 is an unknown value
R15=0x0000000000000001 is an unknown value


Stack: [0x0000000019e50000,0x0000000019f50000],  sp=0x0000000019f4eec0,  free space=1019k
Native frames: (J=compiled Java code, j=interpreted, Vv=VM code, C=native code)
V  [jvm.dll+0xfe013]
V  [jvm.dll+0xffdf9]
V  [jvm.dll+0x100884]
V  [jvm.dll+0x103c64]
V  [jvm.dll+0xc521e]
V  [jvm.dll+0xc58a8]
V  [jvm.dll+0xc59da]
V  [jvm.dll+0xc5bd8]
V  [jvm.dll+0x10fbca]
V  [jvm.dll+0x12d48f]
V  [jvm.dll+0x1bf6df]
V  [jvm.dll+0x24d2d7]
V  [jvm.dll+0x24c576]
V  [jvm.dll+0x24ca11]
V  [jvm.dll+0x24cc2e]
V  [jvm.dll+0x29f20a]
C  [msvcr100.dll+0x21db7]
C  [msvcr100.dll+0x21e53]
C  [KERNEL32.DLL+0x154e0]
C  [ntdll.dll+0x485b]

VM_Operation (0x000000001ac8efa0): GetOrSetLocal, mode: safepoint, requested by thread 0x000000001a086800


---------------  P R O C E S S  ---------------

Java Threads: ( => current thread )
  0x000000001a0aa000 JavaThread "Service Thread" daemon [_thread_blocked, id=14240, stack(0x000000001b290000,0x000000001b390000)]
  0x000000001a0bd000 JavaThread "C1 CompilerThread3" daemon [_thread_blocked, id=12292, stack(0x000000001b190000,0x000000001b290000)]
  0x000000001a0bc000 JavaThread "C2 CompilerThread2" daemon [_thread_blocked, id=10340, stack(0x000000001b090000,0x000000001b190000)]
  0x000000001a0bb800 JavaThread "C2 CompilerThread1" daemon [_thread_blocked, id=6536, stack(0x000000001af90000,0x000000001b090000)]
  0x000000001a0b3800 JavaThread "C2 CompilerThread0" daemon [_thread_blocked, id=13496, stack(0x000000001ae90000,0x000000001af90000)]
  0x000000001a098800 JavaThread "JDWP Command Reader" daemon [_thread_in_native, id=13516, stack(0x000000001ad90000,0x000000001ae90000)]
  0x000000001a091800 JavaThread "JDWP Event Helper Thread" daemon [_thread_blocked, id=1588, stack(0x000000001ac90000,0x000000001ad90000)]
  0x000000001a086800 JavaThread "JDWP Transport Listener: dt_socket" daemon [_thread_blocked, id=8796, stack(0x000000001ab90000,0x000000001ac90000)]
  0x000000001a07d000 JavaThread "Attach Listener" daemon [_thread_blocked, id=5688, stack(0x000000001a750000,0x000000001a850000)]
  0x000000001a07c000 JavaThread "Signal Dispatcher" daemon [_thread_blocked, id=14396, stack(0x000000001a650000,0x000000001a750000)]
  0x000000001a070800 JavaThread "Finalizer" daemon [_thread_blocked, id=11904, stack(0x000000001a450000,0x000000001a550000)]
  0x000000000340a000 JavaThread "Reference Handler" daemon [_thread_blocked, id=7056, stack(0x0000000019f50000,0x000000001a050000)]
  0x0000000003314000 JavaThread "main" [_thread_blocked, id=20148, stack(0x0000000003210000,0x0000000003310000)]

Other Threads:
=>0x000000001818a000 VMThread [stack: 0x0000000019e50000,0x0000000019f50000] [id=14964]
  0x000000001a147800 WatcherThread [stack: 0x000000001b390000,0x000000001b490000] [id=11864]

VM state:at safepoint (normal execution)

VM Mutex/Monitor currently owned by a thread:  ([mutex/lock_event])
[0x00000000033104d0] Threads_lock - owner thread: 0x000000001818a000

heap address: 0x0000000085000000, size: 1968 MB, Compressed Oops mode: 32-bit
Narrow klass base: 0x0000000000000000, Narrow klass shift: 3
Compressed class space size: 1073741824 Address: 0x0000000100000000

Heap:
 PSYoungGen      total 36864K, used 3817K [0x00000000d7000000, 0x00000000d9900000, 0x0000000100000000)
  eden space 31744K, 12% used [0x00000000d7000000,0x00000000d73ba5d8,0x00000000d8f00000)
  from space 5120K, 0% used [0x00000000d9400000,0x00000000d9400000,0x00000000d9900000)
  to   space 5120K, 0% used [0x00000000d8f00000,0x00000000d8f00000,0x00000000d9400000)
 ParOldGen       total 84992K, used 0K [0x0000000085000000, 0x000000008a300000, 0x00000000d7000000)
  object space 84992K, 0% used [0x0000000085000000,0x0000000085000000,0x000000008a300000)
 Metaspace       used 3759K, capacity 4634K, committed 4864K, reserved 1056768K
  class space    used 436K, capacity 458K, committed 512K, reserved 1048576K

Card table byte_map: [0x00000000127d0000,0x0000000012bb0000] byte_map_base: 0x00000000123a8000

Marking Bits: (ParMarkBitMap*) 0x0000000055e23ce0
 Begin Bits: [0x0000000013640000, 0x0000000015500000)
 End Bits:   [0x0000000015500000, 0x00000000173c0000)

Polling page: 0x00000000018f0000

CodeCache: size=245760Kb used=1323Kb max_used=1323Kb free=244436Kb
 bounds [0x0000000003410000, 0x0000000003680000, 0x0000000012410000]
 total_blobs=337 nmethods=80 adapters=178
 compilation: enabled

Compilation events (10 events):
Event: 1.698 Thread 0x000000001a0bd000   74       1       java.util.Hashtable::access$500 (5 bytes)
Event: 1.698 Thread 0x000000001a0bd000 nmethod 74 0x000000000353ebd0 code [0x000000000353ed20, 0x000000000353ee10]
Event: 9.869 Thread 0x000000001a0bd000   77       3       java.lang.Character::isHighSurrogate (18 bytes)
Event: 9.869 Thread 0x000000001a0bd000 nmethod 77 0x000000000355a2d0 code [0x000000000355a420, 0x000000000355a5f0]
Event: 9.869 Thread 0x000000001a0bd000   78       3       java.nio.Buffer::checkIndex (22 bytes)
Event: 9.869 Thread 0x000000001a0bd000 nmethod 78 0x000000000355a650 code [0x000000000355a7c0, 0x000000000355aa28]
Event: 9.869 Thread 0x000000001a0bd000   79       3       java.lang.Character::charCount (12 bytes)
Event: 9.869 Thread 0x000000001a0bd000 nmethod 79 0x000000000355ab10 code [0x000000000355ac60, 0x000000000355adf0]
Event: 84.112 Thread 0x000000001a0bd000   80       1       java.util.ArrayList::access$000 (5 bytes)
Event: 84.113 Thread 0x000000001a0bd000 nmethod 80 0x000000000355ae50 code [0x000000000355afa0, 0x000000000355b090]

GC Heap History (0 events):
No events

Deoptimization events (0 events):
No events

Classes redefined (2 events):
Event: 58.158 Thread 0x000000001818a000 redefined class name=Sudoku.SudokuValidate, count=1
Event: 86.745 Thread 0x000000001818a000 redefined class name=Sudoku.SudokuValidate, count=2

Internal exceptions (6 events):
Event: 0.026 Thread 0x0000000003314000 Exception <a 'java/lang/NoSuchMethodError': Method sun.misc.Unsafe.defineClass(Ljava/lang/String;[BII)Ljava/lang/Class; name or signature does not match> (0x00000000d7007cb0) thrown at [C:\workspace\8-2-build-windows-amd64-cygwin\jdk8u192\11897\hotspot\sr
Event: 0.026 Thread 0x0000000003314000 Exception <a 'java/lang/NoSuchMethodError': Method sun.misc.Unsafe.prefetchRead(Ljava/lang/Object;J)V name or signature does not match> (0x00000000d7007f98) thrown at [C:\workspace\8-2-build-windows-amd64-cygwin\jdk8u192\11897\hotspot\src\share\vm\prims\j
Event: 1.683 Thread 0x000000001a07d000 Exception <a 'java/security/PrivilegedActionException'> (0x00000000d7227440) thrown at [C:\workspace\8-2-build-windows-amd64-cygwin\jdk8u192\11897\hotspot\src\share\vm\prims\jvm.cpp, line 1435]
Event: 1.683 Thread 0x000000001a07d000 Exception <a 'java/security/PrivilegedActionException'> (0x00000000d7227838) thrown at [C:\workspace\8-2-build-windows-amd64-cygwin\jdk8u192\11897\hotspot\src\share\vm\prims\jvm.cpp, line 1435]
Event: 1.684 Thread 0x000000001a07d000 Exception <a 'java/security/PrivilegedActionException'> (0x00000000d722b690) thrown at [C:\workspace\8-2-build-windows-amd64-cygwin\jdk8u192\11897\hotspot\src\share\vm\prims\jvm.cpp, line 1435]
Event: 1.684 Thread 0x000000001a07d000 Exception <a 'java/security/PrivilegedActionException'> (0x00000000d722ba88) thrown at [C:\workspace\8-2-build-windows-amd64-cygwin\jdk8u192\11897\hotspot\src\share\vm\prims\jvm.cpp, line 1435]

Events (10 events):
Event: 91.762 Executing VM operation: GetCurrentContendedMonitor done
Event: 91.762 Executing VM operation: GetOwnedMonitorInfo
Event: 91.762 Executing VM operation: GetOwnedMonitorInfo done
Event: 91.762 Executing VM operation: GetCurrentContendedMonitor
Event: 91.762 Executing VM operation: GetCurrentContendedMonitor done
Event: 91.762 Executing VM operation: GetCurrentContendedMonitor
Event: 91.762 Executing VM operation: GetCurrentContendedMonitor done
Event: 91.762 Executing VM operation: GetOwnedMonitorInfo
Event: 91.762 Executing VM operation: GetOwnedMonitorInfo done
Event: 92.708 Executing VM operation: GetOrSetLocal


Dynamic libraries:
0x00007ff7f2710000 - 0x00007ff7f2747000 	C:\Program Files\Java\jre1.8.0_192\bin\javaw.exe
0x00007fffe79e0000 - 0x00007fffe7be7000 	C:\WINDOWS\SYSTEM32\ntdll.dll
0x00007fffe6000000 - 0x00007fffe60bd000 	C:\WINDOWS\System32\KERNEL32.DLL
0x00007fffe52c0000 - 0x00007fffe5634000 	C:\WINDOWS\System32\KERNELBASE.dll
0x00007fffe7750000 - 0x00007fffe77fe000 	C:\WINDOWS\System32\ADVAPI32.dll
0x00007fffe6f00000 - 0x00007fffe6fa3000 	C:\WINDOWS\System32\msvcrt.dll
0x00007fffe5af0000 - 0x00007fffe5b8e000 	C:\WINDOWS\System32\sechost.dll
0x00007fffe7630000 - 0x00007fffe7750000 	C:\WINDOWS\System32\RPCRT4.dll
0x00007fffe7460000 - 0x00007fffe760c000 	C:\WINDOWS\System32\USER32.dll
0x00007fffe4ed0000 - 0x00007fffe4ef6000 	C:\WINDOWS\System32\win32u.dll
0x00007fffe5ac0000 - 0x00007fffe5ae9000 	C:\WINDOWS\System32\GDI32.dll
0x00007fffe5760000 - 0x00007fffe5872000 	C:\WINDOWS\System32\gdi32full.dll
0x00007fffe5640000 - 0x00007fffe56dd000 	C:\WINDOWS\System32\msvcp_win.dll
0x00007fffe51a0000 - 0x00007fffe52b1000 	C:\WINDOWS\System32\ucrtbase.dll
0x00007fffd2120000 - 0x00007fffd23c5000 	C:\WINDOWS\WinSxS\amd64_microsoft.windows.common-controls_6595b64144ccf1df_6.0.22000.120_none_9d947278b86cc467\COMCTL32.dll
0x00007fffe60d0000 - 0x00007fffe6101000 	C:\WINDOWS\System32\IMM32.DLL
0x0000000054a90000 - 0x0000000054b61000 	C:\Program Files\Java\jre1.8.0_192\bin\msvcr100.dll
0x0000000055600000 - 0x0000000055ea3000 	C:\Program Files\Java\jre1.8.0_192\bin\server\jvm.dll
0x00007fffe60c0000 - 0x00007fffe60c8000 	C:\WINDOWS\System32\PSAPI.DLL
0x00007fffe0240000 - 0x00007fffe024a000 	C:\WINDOWS\SYSTEM32\VERSION.dll
0x00007fffbdd40000 - 0x00007fffbdd49000 	C:\WINDOWS\SYSTEM32\WSOCK32.dll
0x00007fffe00f0000 - 0x00007fffe0123000 	C:\WINDOWS\SYSTEM32\WINMM.dll
0x00007fffe6af0000 - 0x00007fffe6b5f000 	C:\WINDOWS\System32\WS2_32.dll
0x00007fff80490000 - 0x00007fff8049f000 	C:\Program Files\Java\jre1.8.0_192\bin\verify.dll
0x00007fff708e0000 - 0x00007fff70909000 	C:\Program Files\Java\jre1.8.0_192\bin\java.dll
0x00007fffe04b0000 - 0x00007fffe04e5000 	C:\Program Files\Java\jre1.8.0_192\bin\jdwp.dll
0x00007fffe0270000 - 0x00007fffe0278000 	C:\Program Files\Java\jre1.8.0_192\bin\npt.dll
0x00007fff715d0000 - 0x00007fff715e6000 	C:\Program Files\Java\jre1.8.0_192\bin\zip.dll
0x00007fffe6340000 - 0x00007fffe6aee000 	C:\WINDOWS\System32\SHELL32.dll
0x00007fffe3040000 - 0x00007fffe38a7000 	C:\WINDOWS\SYSTEM32\windows.storage.dll
0x00007fffe6fc0000 - 0x00007fffe7338000 	C:\WINDOWS\System32\combase.dll
0x00007fffe2ed0000 - 0x00007fffe3036000 	C:\WINDOWS\SYSTEM32\wintypes.dll
0x00007fffe6e10000 - 0x00007fffe6efa000 	C:\WINDOWS\System32\SHCORE.dll
0x00007fffe78e0000 - 0x00007fffe793d000 	C:\WINDOWS\System32\shlwapi.dll
0x00007fffe4e00000 - 0x00007fffe4e21000 	C:\WINDOWS\SYSTEM32\profapi.dll
0x00007fffdf3e0000 - 0x00007fffdf3e9000 	C:\Program Files\Java\jre1.8.0_192\bin\dt_socket.dll
0x00007fffbda90000 - 0x00007fffbdaa7000 	C:\WINDOWS\system32\napinsp.dll
0x00007fffbda70000 - 0x00007fffbda8b000 	C:\WINDOWS\system32\pnrpnsp.dll
0x00007fffe44f0000 - 0x00007fffe4557000 	C:\WINDOWS\System32\mswsock.dll
0x00007fffe3c60000 - 0x00007fffe3d47000 	C:\WINDOWS\SYSTEM32\DNSAPI.dll
0x00007fffe3bf0000 - 0x00007fffe3c1d000 	C:\WINDOWS\SYSTEM32\IPHLPAPI.DLL
0x00007fffe6d10000 - 0x00007fffe6d19000 	C:\WINDOWS\System32\NSI.dll
0x00007fffbd930000 - 0x00007fffbd942000 	C:\WINDOWS\System32\winrnr.dll
0x00007fffd99d0000 - 0x00007fffd99e5000 	C:\WINDOWS\system32\wshbth.dll
0x00007fffbd840000 - 0x00007fffbd85f000 	C:\WINDOWS\system32\nlansp_c.dll
0x00007fffdf640000 - 0x00007fffdf6c1000 	C:\WINDOWS\System32\fwpuclnt.dll
0x00007fffdee80000 - 0x00007fffdee8a000 	C:\Windows\System32\rasadhlp.dll
0x00007fff70750000 - 0x00007fff7076a000 	C:\Program Files\Java\jre1.8.0_192\bin\net.dll
0x00007fff70300000 - 0x00007fff70311000 	C:\Program Files\Java\jre1.8.0_192\bin\nio.dll
0x00007fffe24e0000 - 0x00007fffe2701000 	C:\WINDOWS\SYSTEM32\dbghelp.dll
0x00007fffe56e0000 - 0x00007fffe575f000 	C:\WINDOWS\System32\bcryptPrimitives.dll

VM Arguments:
jvm_args: -agentlib:jdwp=transport=dt_socket,suspend=y,address=localhost:65334 -Dfile.encoding=Cp1252 
java_command: Sudoku.SudokuValidate
java_class_path (initial): C:\Program Files\Java\jre1.8.0_192\lib\resources.jar;C:\Program Files\Java\jre1.8.0_192\lib\rt.jar;C:\Program Files\Java\jre1.8.0_192\lib\jsse.jar;C:\Program Files\Java\jre1.8.0_192\lib\jce.jar;C:\Program Files\Java\jre1.8.0_192\lib\charsets.jar;C:\Program Files\Java\jre1.8.0_192\lib\jfr.jar;C:\Program Files\Java\jre1.8.0_192\lib\ext\access-bridge-64.jar;C:\Program Files\Java\jre1.8.0_192\lib\ext\cldrdata.jar;C:\Program Files\Java\jre1.8.0_192\lib\ext\dnsns.jar;C:\Program Files\Java\jre1.8.0_192\lib\ext\jaccess.jar;C:\Program Files\Java\jre1.8.0_192\lib\ext\jfxrt.jar;C:\Program Files\Java\jre1.8.0_192\lib\ext\localedata.jar;C:\Program Files\Java\jre1.8.0_192\lib\ext\nashorn.jar;C:\Program Files\Java\jre1.8.0_192\lib\ext\sunec.jar;C:\Program Files\Java\jre1.8.0_192\lib\ext\sunjce_provider.jar;C:\Program Files\Java\jre1.8.0_192\lib\ext\sunmscapi.jar;C:\Program Files\Java\jre1.8.0_192\lib\ext\sunpkcs11.jar;C:\Program Files\Java\jre1.8.0_192\lib\ext\zipfs.jar;E:\IntelliPlanner Workspaces\WorkSpaceCGPLOxygen\JavaExamples\target\classes;E:\IntelliPlanner Workspaces\WorkSpaceCGPLOxygen\JavaExamples\lib\Morpho.jar;E:\IntelliPlanner Workspaces\WorkSpaceCGPLOxygen\JavaExamples\lib\GpsProjectUtils.jar;E:\IntelliPlanner Workspaces\WorkSpaceCGPLOxygen\JavaExamples\lib\mysql-connector-java-5.0.8-bin.jar;E:\IntelliPlanner Workspaces\WorkSpaceCGPLOxygen\JavaExamples\lib\webcam-capture-0.3.11-20150416.101652-7.jar;E:\IntelliPlanner Workspaces\WorkSpaceCGPLOxygen\JavaExamples\lib\opencv-346.jar;E:\C drive\jboss-4.2.3.GA\server\default\lib\servlet-api.jar;E:\IntelliPlanner Workspaces\WorkSpaceCGPLOxygen\JavaExamples\lib\json.jar;C:\Users\vicky\.m2\repository\org\apache\poi\poi-ooxml\3.11\poi-ooxml-3.11.jar;C:\Users\vicky\.m2\repository\org\apache\poi\poi\3.11\poi-3.11.jar;C:\Users\vicky\.m2\repository\commons-codec\commons-codec\1.9\commons-codec-1.9.jar;C:\Users\vicky\.m2\repository\org\apache\poi\poi-ooxml-schemas\3.11\poi-ooxml-schemas-3.11.jar;C:\Users
Launcher Type: SUN_STANDARD

Environment Variables:
PATH=C:/Program Files/Java/jre1.8.0_192/bin/server;C:/Program Files/Java/jre1.8.0_192/bin;C:/Program Files/Java/jre1.8.0_192/lib/amd64;C:\Program Files (x86)\Common Files\Oracle\Java\javapath;C:\WINDOWS\system32;C:\WINDOWS;C:\WINDOWS\System32\Wbem;C:\WINDOWS\System32\WindowsPowerShell\v1.0\;C:\WINDOWS\System32\OpenSSH\;C:\Program Files\nodejs\;C:\Program Files (x86)\Microsoft SQL Server\140\Tools\Binn\;C:\Program Files\Microsoft SQL Server\140\Tools\Binn\;C:\Program Files (x86)\Microsoft SQL Server\140\DTS\Binn\;C:\Program Files\Microsoft SQL Server\140\DTS\Binn\;C:\Program Files\Microsoft SQL Server\Client SDK\ODBC\130\Tools\Binn\;C:\Program Files\Azure Data Studio\bin;C:\Program Files (x86)\Microsoft SQL Server\150\DTS\Binn\;C:\Program Files\TortoiseSVN\bin;C:\Program Files\Docker\Docker\resources\bin;C:\ProgramData\DockerDesktop\version-bin;C:\Program Files\Java\jdk1.8.0_192\bin;C:\Program Files\Java\jre1.8.0_192\bin;C:\Program Files\apache-maven-3.8.4\bin;C:\Program Files\MySQL\MySQL Shell 8.0\bin\;C:\Users\vicky\AppData\Local\Microsoft\WindowsApps;C:\Program Files\Microsoft VS Code\bin;C:\Users\vicky\AppData\Roaming\npm;C:\Program Files (x86)\Sophos\Sophos SSL VPN Client\bin;C:\Program Files\Azure Data Studio\bin;C:\Program Files\Java\jdk1.8.0_192\bin;;E:\Eclipse Setup\eclipse oxygen;
USERNAME=vicky
OS=Windows_NT
PROCESSOR_IDENTIFIER=Intel64 Family 6 Model 140 Stepping 1, GenuineIntel



---------------  S Y S T E M  ---------------

OS: Windows 10.0 , 64 bit Build 22000 (10.0.22000.434)

CPU:total 8 (initial active 8) (4 cores per cpu, 2 threads per core) family 6 model 140 stepping 1, cmov, cx8, fxsr, mmx, sse, sse2, sse3, ssse3, sse4.1, sse4.2, popcnt, avx, avx2, aes, clmul, erms, 3dnowpref, lzcnt, ht, tsc, tscinvbit, bmi1, bmi2, adx

Memory: 4k page, physical 8060008k(761892k free), swap 16120016k(3761928k free)

vm_info: Java HotSpot(TM) 64-Bit Server VM (25.192-b12) for windows-amd64 JRE (1.8.0_192-b12), built on Oct  6 2018 17:12:23 by "java_re" with MS VC++ 10.0 (VS2010)

time: Mon Feb 07 00:24:23 2022
timezone: India Standard Time
elapsed time: 92 seconds (0d 0h 1m 32s)

